E:\VS\TCPSERVER\DEBUG\TCPSERVER.EXE
E:\VS\TCPSERVER\DEBUG\TCPSERVER.ILK
E:\VS\TCPSERVER\DEBUG\TCPSERVER.PDB
E:\vs\TCPServer\TCPServer\Debug\cl.command.1.tlog
E:\vs\TCPServer\TCPServer\Debug\CL.read.1.tlog
E:\vs\TCPServer\TCPServer\Debug\CL.write.1.tlog
E:\vs\TCPServer\TCPServer\Debug\link.4508.read.1.tlog
E:\vs\TCPServer\TCPServer\Debug\link.4508.write.1.tlog
E:\vs\TCPServer\TCPServer\Debug\link.4508-cvtres.read.1.tlog
E:\vs\TCPServer\TCPServer\Debug\link.4508-cvtres.write.1.tlog
E:\vs\TCPServer\TCPServer\Debug\link.command.1.tlog
E:\vs\TCPServer\TCPServer\Debug\link.read.1.tlog
E:\vs\TCPServer\TCPServer\Debug\link.write.1.tlog
E:\vs\TCPServer\TCPServer\Debug\link-cvtres.read.1.tlog
E:\vs\TCPServer\TCPServer\Debug\link-cvtres.write.1.tlog
E:\vs\TCPServer\TCPServer\Debug\mt.command.1.tlog
E:\vs\TCPServer\TCPServer\Debug\mt.read.1.tlog
E:\vs\TCPServer\TCPServer\Debug\mt.write.1.tlog
E:\vs\TCPServer\TCPServer\Debug\rc.command.1.tlog
E:\vs\TCPServer\TCPServer\Debug\rc.read.1.tlog
E:\vs\TCPServer\TCPServer\Debug\rc.write.1.tlog
E:\VS\TCPSERVER\TCPSERVER\DEBUG\STDAFX.OBJ
E:\VS\TCPSERVER\TCPSERVER\DEBUG\TCPSERVER.EXE.EMBED.MANIFEST
E:\VS\TCPSERVER\TCPSERVER\DEBUG\TCPSERVER.EXE.EMBED.MANIFEST.RES
E:\VS\TCPSERVER\TCPSERVER\DEBUG\TCPSERVER.EXE.INTERMEDIATE.MANIFEST
E:\VS\TCPSERVER\TCPSERVER\DEBUG\TCPSERVER.OBJ
E:\VS\TCPSERVER\TCPSERVER\DEBUG\TCPSERVER.PCH
E:\vs\TCPServer\TCPServer\Debug\TCPServer.vcxprojResolveAssemblyReference.cache
E:\vs\TCPServer\TCPServer\Debug\TCPServer.write.1.tlog
E:\vs\TCPServer\TCPServer\Debug\TCPServer_manifest.rc
E:\vs\TCPServer\TCPServer\Debug\vc100.idb
E:\VS\TCPSERVER\TCPSERVER\DEBUG\VC100.PDB
