生成启动时间为 2015/3/18 17:03:46。
     1>项目“E:\vs\TCPClient\TCPClient\TCPClient.vcxproj”在节点 2 上(build 个目标)。
     1>InitializeBuildStatus:
         正在创建“Debug\TCPClient.unsuccessfulbuild”，因为已指定“AlwaysCreate”。
       ClCompile:
         所有输出均为最新。
         C:\Program Files (x86)\Microsoft Visual Studio 10.0\VC\bin\CL.exe /c /ZI /nologo /W3 /WX- /Od /Oy- /D WIN32 /D _DEBUG /D _CONSOLE /D _UNICODE /D UNICODE /Gm /EHsc /RTC1 /MDd /GS /fp:precise /Zc:wchar_t /Zc:forScope /Yu"StdAfx.h" /Fp"Debug\TCPClient.pch" /Fo"Debug\\" /Fd"Debug\vc100.pdb" /Gd /TP /analyze- /errorReport:prompt TCPClient.cpp
         TCPClient.cpp
     1>e:\vs\tcpclient\tcpclient\tcpclient.cpp(40): warning C4996: 'localtime': This function or variable may be unsafe. Consider using localtime_s instead. To disable deprecation, use _CRT_SECURE_NO_WARNINGS. See online help for details.
                 c:\program files (x86)\microsoft visual studio 10.0\vc\include\time.inl(112) : 参见“localtime”的声明
     1>e:\vs\tcpclient\tcpclient\tcpclient.cpp(42): warning C4996: 'asctime': This function or variable may be unsafe. Consider using asctime_s instead. To disable deprecation, use _CRT_SECURE_NO_WARNINGS. See online help for details.
                 c:\program files (x86)\microsoft visual studio 10.0\vc\include\time.h(153) : 参见“asctime”的声明
     1>e:\vs\tcpclient\tcpclient\tcpclient.cpp(43): warning C4996: 'asctime': This function or variable may be unsafe. Consider using asctime_s instead. To disable deprecation, use _CRT_SECURE_NO_WARNINGS. See online help for details.
                 c:\program files (x86)\microsoft visual studio 10.0\vc\include\time.h(153) : 参见“asctime”的声明
       ManifestResourceCompile:
         所有输出均为最新。
       Link:
         C:\Program Files (x86)\Microsoft Visual Studio 10.0\VC\bin\link.exe /ERRORREPORT:PROMPT /OUT:"E:\vs\TCPClient\Debug\TCPClient.exe" /INCREMENTAL /NOLOGO kernel32.lib user32.lib gdi32.lib winspool.lib comdlg32.lib advapi32.lib shell32.lib ole32.lib oleaut32.lib uuid.lib odbc32.lib odbccp32.lib /MANIFEST /ManifestFile:"Debug\TCPClient.exe.intermediate.manifest" /MANIFESTUAC:"level='asInvoker' uiAccess='false'" /DEBUG /PDB:"E:\vs\TCPClient\Debug\TCPClient.pdb" /SUBSYSTEM:CONSOLE /TLBID:1 /DYNAMICBASE /NXCOMPAT /IMPLIB:"E:\vs\TCPClient\Debug\TCPClient.lib" /MACHINE:X86 Debug\TCPClient.exe.embed.manifest.res
         Debug\stdafx.obj
         Debug\TCPClient.obj
       Manifest:
         C:\Program Files (x86)\Microsoft SDKs\Windows\v7.0A\bin\mt.exe /nologo /verbose /out:"Debug\TCPClient.exe.embed.manifest" /manifest Debug\TCPClient.exe.intermediate.manifest
         所有输出均为最新。
       LinkEmbedManifest:
         所有输出均为最新。
         TCPClient.vcxproj -> E:\vs\TCPClient\Debug\TCPClient.exe
       FinalizeBuildStatus:
         正在删除文件“Debug\TCPClient.unsuccessfulbuild”。
         正在对“Debug\TCPClient.lastbuildstate”执行 Touch 任务。
     1>已完成生成项目“E:\vs\TCPClient\TCPClient\TCPClient.vcxproj”(build 个目标)的操作。

生成成功。

已用时间 00:00:01.23
